2026-06-18T01:43:01.6754717-07:00 US-V08B Phase 7.5 local verify start
2026-06-18T01:43:01.7319799-07:00 ========== V08B-01: Core character tests ==========
2026-06-18T01:43:03.3728510-07:00 PASS core character pytest
2026-06-18T01:43:03.3773808-07:00 ========== V08B-02: API unit tests ==========
2026-06-18T01:44:14.0226465-07:00 PASS api pytest
2026-06-18T01:44:14.0273666-07:00 ========== V08B-03: Worker unit tests ==========
2026-06-18T01:44:42.9254450-07:00 PASS worker pytest
2026-06-18T01:44:42.9361739-07:00 ========== V08B-04: Web vitest ==========
2026-06-18T01:45:02.7172839-07:00 PASS web vitest
2026-06-18T01:45:02.9633991-07:00 DONE FAIL=0
2026-06-18T03:40:23.6228291-07:00 US-V08B Phase 7.5 local verify start
2026-06-18T03:40:23.6383184-07:00 ========== V08B-01: Core character tests ==========
2026-06-18T03:40:25.7468112-07:00 PASS core character pytest
2026-06-18T03:40:25.8396480-07:00 ========== V08B-02: API unit tests ==========
2026-06-18T03:41:35.7453546-07:00 PASS api pytest
2026-06-18T03:41:35.7483585-07:00 ========== V08B-03: Worker unit tests ==========
2026-06-18T03:41:46.3779901-07:00 PASS worker pytest
2026-06-18T03:41:46.3831352-07:00 ========== V08B-04: Web vitest ==========
2026-06-18T03:42:06.4793333-07:00 PASS web vitest
2026-06-18T03:42:06.5413832-07:00 DONE FAIL=0
2026-06-18T03:48:41.6425083-07:00 US-V08B Phase 7.5 local verify start
2026-06-18T03:48:41.6470386-07:00 ========== V08B-01: Core character tests ==========
2026-06-18T03:48:43.5481134-07:00 PASS core character pytest
2026-06-18T03:48:43.5752471-07:00 ========== V08B-02: API unit tests ==========
2026-06-18T03:49:49.8487906-07:00 PASS api pytest
2026-06-18T03:49:49.8527903-07:00 ========== V08B-03: Worker unit tests ==========
2026-06-18T03:50:03.2936081-07:00 PASS worker pytest
2026-06-18T03:50:03.2991276-07:00 ========== V08B-04: Web vitest ==========
2026-06-18T03:50:20.4489298-07:00 PASS web vitest
2026-06-18T03:50:20.4539279-07:00 DONE FAIL=0
2026-06-18T04:07:17.7852971-07:00 US-V08B Phase 7.5 local verify start
2026-06-18T04:07:17.8021644-07:00 ========== V08B-01: Core character tests ==========
2026-06-18T04:07:20.4724392-07:00 PASS core character pytest
2026-06-18T04:07:20.4840054-07:00 ========== V08B-02: API unit tests ==========
2026-06-18T04:08:28.3825476-07:00 PASS api pytest
2026-06-18T04:08:28.3904259-07:00 ========== V08B-03: Worker unit tests ==========
2026-06-18T04:08:39.5217873-07:00 PASS worker pytest
2026-06-18T04:08:39.5274393-07:00 ========== V08B-04: Web vitest ==========
2026-06-18T04:08:59.2799019-07:00 PASS web vitest
2026-06-18T04:08:59.3328962-07:00 DONE FAIL=0
2026-06-18T04:17:30.5416977-07:00 US-V08B Phase 7.5 local verify start
2026-06-18T04:17:30.5480395-07:00 ========== V08B-01: Core character tests ==========
2026-06-18T04:17:34.3165928-07:00 PASS core character pytest
2026-06-18T04:17:34.3607029-07:00 ========== V08B-02: API unit tests ==========
2026-06-18T04:19:01.0320345-07:00 PASS api pytest
2026-06-18T04:19:01.2440552-07:00 ========== V08B-03: Worker unit tests ==========
2026-06-18T04:19:17.3218706-07:00 PASS worker pytest
2026-06-18T04:19:17.3355341-07:00 ========== V08B-04: Web vitest ==========
2026-06-18T04:19:38.7071841-07:00 PASS web vitest
2026-06-18T04:19:39.1125172-07:00 DONE FAIL=0
2026-06-18T08:41:32.7412168-07:00 US-V08B Phase 7.5 local verify start
2026-06-18T08:41:32.7533039-07:00 ========== V08B-01: Core character tests ==========
2026-06-18T08:41:35.2220470-07:00 PASS core character pytest
2026-06-18T08:41:35.2370842-07:00 ========== V08B-02: API unit tests ==========
2026-06-18T08:42:44.9960976-07:00 PASS api pytest
2026-06-18T08:42:45.0061283-07:00 ========== V08B-03: Worker unit tests ==========
2026-06-18T08:42:51.5711349-07:00 PASS worker pytest
2026-06-18T08:42:51.5771795-07:00 ========== V08B-04: Web vitest ==========
2026-06-18T08:43:02.9755976-07:00 PASS web vitest
2026-06-18T08:43:03.0288994-07:00 DONE FAIL=0
