2026-06-17T22:49:08.2196745-07:00 US-V08 Phase 7 local verify start
2026-06-17T22:49:08.2575601-07:00 ========== V08-01: Core character tests ==========
2026-06-17T22:49:09.6430691-07:00 PASS core character pytest
2026-06-17T22:49:09.6781080-07:00 ========== V08-02: API unit tests ==========
2026-06-17T22:50:14.9203384-07:00 PASS api pytest
2026-06-17T22:50:14.9233951-07:00 ========== V08-03: Worker unit tests ==========
2026-06-17T22:50:27.6151886-07:00 FAIL worker pytest
2026-06-17T22:50:27.6303785-07:00 ========== V08-04: Web vitest ==========
2026-06-17T22:50:54.1772856-07:00 US-V08 Phase 7 local verify start
2026-06-17T22:50:54.2221320-07:00 ========== V08-01: Core character tests ==========
2026-06-17T22:50:55.3619301-07:00 PASS core character pytest
2026-06-17T22:50:55.3640051-07:00 ========== V08-02: API unit tests ==========
2026-06-17T22:51:58.9428500-07:00 PASS api pytest
2026-06-17T22:51:58.9456185-07:00 ========== V08-03: Worker unit tests ==========
2026-06-17T22:52:02.1390873-07:00 FAIL worker pytest
2026-06-17T22:52:02.1547964-07:00 ========== V08-04: Web vitest ==========
2026-06-17T22:52:11.2944247-07:00 US-V08 Phase 7 local verify start
2026-06-17T22:52:11.3346682-07:00 ========== V08-01: Core character tests ==========
2026-06-17T22:52:12.7735298-07:00 PASS core character pytest
2026-06-17T22:52:12.7749472-07:00 ========== V08-02: API unit tests ==========
2026-06-17T22:53:18.7663269-07:00 PASS api pytest
2026-06-17T22:53:18.7688888-07:00 ========== V08-03: Worker unit tests ==========
2026-06-17T22:53:24.9996936-07:00 PASS worker pytest
2026-06-17T22:53:25.0031735-07:00 ========== V08-04: Web vitest ==========
2026-06-17T22:53:44.2936725-07:00 US-V08 Phase 7 local verify start
2026-06-17T22:53:44.3360394-07:00 ========== V08-01: Core character tests ==========
2026-06-17T22:53:45.7679540-07:00 PASS core character pytest
2026-06-17T22:53:45.7741122-07:00 ========== V08-02: API unit tests ==========
2026-06-17T22:54:49.9214407-07:00 PASS api pytest
2026-06-17T22:54:49.9214407-07:00 ========== V08-03: Worker unit tests ==========
2026-06-17T22:54:55.6634094-07:00 PASS worker pytest
2026-06-17T22:54:55.6634094-07:00 ========== V08-04: Web vitest ==========
2026-06-17T22:55:08.1773857-07:00 PASS web vitest
2026-06-17T22:55:08.1985876-07:00 DONE FAIL=0
