2026-06-18T03:35:57.1226617-07:00 US-V06 Phase 5 local verify start
2026-06-18T03:35:57.1266669-07:00 ========== V06-01: Core narration tests ==========
2026-06-18T03:35:58.9437769-07:00 PASS core narration pytest
2026-06-18T03:35:59.0245262-07:00 ========== V06-02: API unit tests ==========
2026-06-18T03:37:10.7339436-07:00 PASS api pytest
2026-06-18T03:37:10.7369480-07:00 ========== V06-03: Worker unit tests ==========
2026-06-18T03:37:20.8710046-07:00 PASS worker pytest
2026-06-18T03:37:20.8845974-07:00 ========== V06-04: Web vitest ==========
2026-06-18T03:43:48.6237492-07:00 US-V06 Phase 5 local verify start
2026-06-18T03:43:48.6268035-07:00 ========== V06-01: Core narration tests ==========
2026-06-18T03:43:50.3326454-07:00 PASS core narration pytest
2026-06-18T03:43:50.5084519-07:00 ========== V06-02: API unit tests ==========
2026-06-18T03:44:56.3416718-07:00 PASS api pytest
2026-06-18T03:44:56.3478249-07:00 ========== V06-03: Worker unit tests ==========
2026-06-18T03:45:05.6372241-07:00 PASS worker pytest
2026-06-18T03:45:05.6412225-07:00 ========== V06-04: Web vitest ==========
2026-06-18T03:45:27.9082781-07:00 PASS web vitest
2026-06-18T03:45:27.9122822-07:00 DONE FAIL=0
2026-06-18T04:02:07.1418436-07:00 US-V06 Phase 5 local verify start
2026-06-18T04:02:07.1460482-07:00 ========== V06-01: Core narration tests ==========
2026-06-18T04:02:09.4366382-07:00 PASS core narration pytest
2026-06-18T04:02:09.4693483-07:00 ========== V06-02: API unit tests ==========
2026-06-18T04:03:22.4847423-07:00 PASS api pytest
2026-06-18T04:03:22.6115180-07:00 ========== V06-03: Worker unit tests ==========
2026-06-18T04:03:33.1520305-07:00 PASS worker pytest
2026-06-18T04:03:33.1614491-07:00 ========== V06-04: Web vitest ==========
2026-06-18T04:03:46.3851568-07:00 PASS web vitest
2026-06-18T04:03:47.1755020-07:00 DONE FAIL=0
2026-06-18T04:11:14.1640041-07:00 US-V06 Phase 5 local verify start
2026-06-18T04:11:14.1693460-07:00 ========== V06-01: Core narration tests ==========
2026-06-18T04:11:18.0340141-07:00 PASS core narration pytest
2026-06-18T04:11:18.0422159-07:00 ========== V06-02: API unit tests ==========
2026-06-18T04:12:43.1884204-07:00 PASS api pytest
2026-06-18T04:12:43.4002531-07:00 ========== V06-03: Worker unit tests ==========
2026-06-18T04:12:57.8475704-07:00 PASS worker pytest
2026-06-18T04:12:57.8533459-07:00 ========== V06-04: Web vitest ==========
2026-06-18T04:13:20.4306295-07:00 PASS web vitest
2026-06-18T04:13:20.4551224-07:00 DONE FAIL=0
2026-06-18T08:37:12.0786681-07:00 US-V06 Phase 5 local verify start
2026-06-18T08:37:12.0951060-07:00 ========== V06-01: Core narration tests ==========
2026-06-18T08:37:13.2288121-07:00 PASS core narration pytest
2026-06-18T08:37:13.2331780-07:00 ========== V06-02: API unit tests ==========
2026-06-18T08:38:21.4363013-07:00 PASS api pytest
2026-06-18T08:38:21.4363013-07:00 ========== V06-03: Worker unit tests ==========
2026-06-18T08:38:27.2745522-07:00 PASS worker pytest
2026-06-18T08:38:27.2789603-07:00 ========== V06-04: Web vitest ==========
2026-06-18T08:38:36.8930092-07:00 PASS web vitest
2026-06-18T08:38:36.8987196-07:00 DONE FAIL=0
