2026-06-18T03:38:41.7851154-07:00 US-V08 Phase 7 local verify start
2026-06-18T03:38:41.7951523-07:00 ========== V08-01: Core character tests ==========
2026-06-18T03:38:44.7219810-07:00 PASS core character pytest
2026-06-18T03:38:44.7263201-07:00 ========== V08-02: API unit tests ==========
2026-06-18T03:39:54.9933035-07:00 PASS api pytest
2026-06-18T03:39:54.9972655-07:00 ========== V08-03: Worker unit tests ==========
2026-06-18T03:40:03.3547283-07:00 PASS worker pytest
2026-06-18T03:40:03.3689718-07:00 ========== V08-04: Web vitest ==========
2026-06-18T03:40:23.5621393-07:00 PASS web vitest
2026-06-18T03:40:23.5671393-07:00 DONE FAIL=0
2026-06-18T03:47:03.5995987-07:00 US-V08 Phase 7 local verify start
2026-06-18T03:47:03.8551085-07:00 ========== V08-01: Core character tests ==========
2026-06-18T03:47:07.4060114-07:00 PASS core character pytest
2026-06-18T03:47:07.6119752-07:00 ========== V08-02: API unit tests ==========
2026-06-18T03:48:14.1018031-07:00 PASS api pytest
2026-06-18T03:48:14.1048085-07:00 ========== V08-03: Worker unit tests ==========
2026-06-18T03:48:25.7918413-07:00 PASS worker pytest
2026-06-18T03:48:25.7961495-07:00 ========== V08-04: Web vitest ==========
2026-06-18T03:48:41.5930645-07:00 PASS web vitest
2026-06-18T03:48:41.5985663-07:00 DONE FAIL=0
2026-06-18T04:05:34.7015190-07:00 US-V08 Phase 7 local verify start
2026-06-18T04:05:34.7182936-07:00 ========== V08-01: Core character tests ==========
2026-06-18T04:05:37.7378854-07:00 PASS core character pytest
2026-06-18T04:05:38.0412589-07:00 ========== V08-02: API unit tests ==========
2026-06-18T04:06:50.4446292-07:00 PASS api pytest
2026-06-18T04:06:50.4500736-07:00 ========== V08-03: Worker unit tests ==========
2026-06-18T04:07:01.5130096-07:00 PASS worker pytest
2026-06-18T04:07:01.5231231-07:00 ========== V08-04: Web vitest ==========
2026-06-18T04:07:17.3015705-07:00 PASS web vitest
2026-06-18T04:07:17.5295215-07:00 DONE FAIL=0
2026-06-18T04:15:24.2751543-07:00 US-V08 Phase 7 local verify start
2026-06-18T04:15:24.3134205-07:00 ========== V08-01: Core character tests ==========
2026-06-18T04:15:28.0531778-07:00 PASS core character pytest
2026-06-18T04:15:28.1632461-07:00 ========== V08-02: API unit tests ==========
2026-06-18T04:16:53.8887434-07:00 PASS api pytest
2026-06-18T04:16:54.0514434-07:00 ========== V08-03: Worker unit tests ==========
2026-06-18T04:17:09.4465198-07:00 PASS worker pytest
2026-06-18T04:17:09.4545367-07:00 ========== V08-04: Web vitest ==========
2026-06-18T04:17:30.4645129-07:00 PASS web vitest
2026-06-18T04:17:30.4750308-07:00 DONE FAIL=0
2026-06-18T08:40:05.0710738-07:00 US-V08 Phase 7 local verify start
2026-06-18T08:40:05.0778022-07:00 ========== V08-01: Core character tests ==========
2026-06-18T08:40:06.7953582-07:00 PASS core character pytest
2026-06-18T08:40:06.8137626-07:00 ========== V08-02: API unit tests ==========
2026-06-18T08:41:16.9496572-07:00 PASS api pytest
2026-06-18T08:41:16.9648791-07:00 ========== V08-03: Worker unit tests ==========
2026-06-18T08:41:22.7878850-07:00 PASS worker pytest
2026-06-18T08:41:22.7907503-07:00 ========== V08-04: Web vitest ==========
2026-06-18T08:41:32.6189316-07:00 PASS web vitest
2026-06-18T08:41:32.6257227-07:00 DONE FAIL=0
