2026-06-17T15:05:34.5346865-07:00 US-V06 Phase 5 local verify start
2026-06-17T15:05:34.5589080-07:00 ========== V06-01: Core narration tests ==========
2026-06-17T15:05:35.7499277-07:00 PASS core narration pytest
2026-06-17T15:05:35.7525875-07:00 ========== V06-02: API unit tests ==========
2026-06-17T15:06:35.6341857-07:00 FAIL api pytest
2026-06-17T15:06:35.6389948-07:00 ========== V06-03: Worker unit tests ==========
2026-06-17T15:06:40.9201095-07:00 PASS worker pytest
2026-06-17T15:06:40.9201095-07:00 ========== V06-04: Web vitest ==========
2026-06-17T15:27:03.9733592-07:00 US-V06 Phase 5 local verify start
2026-06-17T15:27:04.0084354-07:00 ========== V06-01: Core narration tests ==========
2026-06-17T15:27:05.1274881-07:00 PASS core narration pytest
2026-06-17T15:27:05.1302407-07:00 ========== V06-02: API unit tests ==========
2026-06-17T15:28:11.0242747-07:00 FAIL api pytest
2026-06-17T15:28:11.0262794-07:00 ========== V06-03: Worker unit tests ==========
2026-06-17T15:28:16.2328209-07:00 PASS worker pytest
2026-06-17T15:28:16.2390049-07:00 ========== V06-04: Web vitest ==========
2026-06-17T15:28:23.1433801-07:00 PASS web vitest
2026-06-17T15:28:23.1507527-07:00 DONE FAIL=1
2026-06-17T15:30:14.6083887-07:00 US-V06 Phase 5 local verify start
2026-06-17T15:30:14.6427191-07:00 ========== V06-01: Core narration tests ==========
2026-06-17T15:30:15.7683583-07:00 PASS core narration pytest
2026-06-17T15:30:15.7755788-07:00 ========== V06-02: API unit tests ==========
2026-06-17T15:31:16.1457141-07:00 PASS api pytest
2026-06-17T15:31:16.1507154-07:00 ========== V06-03: Worker unit tests ==========
2026-06-17T15:31:21.0273676-07:00 PASS worker pytest
2026-06-17T15:31:21.0293721-07:00 ========== V06-04: Web vitest ==========
2026-06-17T15:31:27.5989331-07:00 PASS web vitest
2026-06-17T15:31:27.6047804-07:00 DONE FAIL=0
