2026-06-18T03:37:21.4727742-07:00 US-V07 Phase 6 local verify start
2026-06-18T03:37:21.4767815-07:00 ========== V07-01: Core episode tests ==========
2026-06-18T03:37:23.5664844-07:00 PASS core episode pytest
2026-06-18T03:37:23.6765108-07:00 ========== V07-02: API unit tests ==========
2026-06-18T03:38:32.7242765-07:00 PASS api pytest
2026-06-18T03:38:32.7282758-07:00 ========== V07-03: Worker unit tests ==========
2026-06-18T03:38:40.9765333-07:00 PASS worker pytest
2026-06-18T03:38:40.9910580-07:00 ========== V07-04: Web vitest ==========
2026-06-18T03:45:27.9534000-07:00 US-V07 Phase 6 local verify start
2026-06-18T03:45:27.9578620-07:00 ========== V07-01: Core episode tests ==========
2026-06-18T03:45:29.9622352-07:00 PASS core episode pytest
2026-06-18T03:45:29.9988597-07:00 ========== V07-02: API unit tests ==========
2026-06-18T03:46:35.1450978-07:00 PASS api pytest
2026-06-18T03:46:35.1476445-07:00 ========== V07-03: Worker unit tests ==========
2026-06-18T03:46:44.6935389-07:00 PASS worker pytest
2026-06-18T03:46:44.7015444-07:00 ========== V07-04: Web vitest ==========
2026-06-18T03:47:02.3836747-07:00 PASS web vitest
2026-06-18T03:47:02.6124546-07:00 DONE FAIL=0
2026-06-18T04:03:47.8349481-07:00 US-V07 Phase 6 local verify start
2026-06-18T04:03:47.8556896-07:00 ========== V07-01: Core episode tests ==========
2026-06-18T04:03:50.5226632-07:00 PASS core episode pytest
2026-06-18T04:03:50.6121308-07:00 ========== V07-02: API unit tests ==========
2026-06-18T04:05:03.3054002-07:00 PASS api pytest
2026-06-18T04:05:03.5357605-07:00 ========== V07-03: Worker unit tests ==========
2026-06-18T04:05:16.1023714-07:00 PASS worker pytest
2026-06-18T04:05:16.1079795-07:00 ========== V07-04: Web vitest ==========
2026-06-18T04:05:34.0094874-07:00 PASS web vitest
2026-06-18T04:05:34.0941651-07:00 DONE FAIL=0
2026-06-18T04:13:20.5235156-07:00 US-V07 Phase 6 local verify start
2026-06-18T04:13:20.5288706-07:00 ========== V07-01: Core episode tests ==========
2026-06-18T04:13:24.0925331-07:00 PASS core episode pytest
2026-06-18T04:13:24.1959130-07:00 ========== V07-02: API unit tests ==========
2026-06-18T04:14:49.7435026-07:00 PASS api pytest
2026-06-18T04:14:49.7928518-07:00 ========== V07-03: Worker unit tests ==========
2026-06-18T04:15:05.7338233-07:00 PASS worker pytest
2026-06-18T04:15:05.7448904-07:00 ========== V07-04: Web vitest ==========
2026-06-18T04:15:24.2035116-07:00 PASS web vitest
2026-06-18T04:15:24.2100290-07:00 DONE FAIL=0
2026-06-18T08:38:36.9904730-07:00 US-V07 Phase 6 local verify start
2026-06-18T08:38:36.9931984-07:00 ========== V07-01: Core episode tests ==========
2026-06-18T08:38:38.3624443-07:00 PASS core episode pytest
2026-06-18T08:38:38.3702180-07:00 ========== V07-02: API unit tests ==========
2026-06-18T08:39:47.8545859-07:00 PASS api pytest
2026-06-18T08:39:47.8661218-07:00 ========== V07-03: Worker unit tests ==========
2026-06-18T08:39:54.4297381-07:00 PASS worker pytest
2026-06-18T08:39:54.4326149-07:00 ========== V07-04: Web vitest ==========
2026-06-18T08:40:04.9716738-07:00 PASS web vitest
2026-06-18T08:40:04.9716738-07:00 DONE FAIL=0
